<?xml version="1.0" encoding="UTF-8"?>
<!-- Generated by org.testng.reporters.JUnitReportReporter -->
<testsuite hostname="Hanuman" failures="0" tests="1" name="openBankAccount.CurrentAccount" time="0.002" errors="0" timestamp="2023-03-30T17:07:28 IST" skipped="0">
  <testcase classname="openBankAccount.CurrentAccount" name="Current" time="0.002"/>
  <system-out/>
</testsuite> <!-- openBankAccount.CurrentAccount -->
