<?xml version="1.0" encoding="UTF-8"?>
<!-- Generated by org.testng.reporters.JUnitReportReporter -->
<testsuite hostname="Hanuman" failures="0" tests="2" name="openBankAccount.ZeroBalanceAccount" time="0.004" errors="0" timestamp="2023-03-30T17:07:28 IST" skipped="0">
  <testcase classname="openBankAccount.ZeroBalanceAccount" name="ZeroBalanceForStudent" time="0.002"/>
  <system-out/>
  <testcase classname="openBankAccount.ZeroBalanceAccount" name="ZeroBalanceForOlder" time="0.002"/>
  <system-out/>
</testsuite> <!-- openBankAccount.ZeroBalanceAccount -->
