<?xml version="1.0" encoding="UTF-8"?>
<!-- Generated by org.testng.reporters.JUnitReportReporter -->
<testsuite hostname="Hanuman" failures="0" tests="3" name="Loans.HomeLoan" time="0.007" errors="0" timestamp="2023-03-30T17:07:28 IST" skipped="0">
  <testcase classname="Loans.HomeLoan" name="ConstructionHome" time="0.002"/>
  <system-out/>
  <testcase classname="Loans.HomeLoan" name="LeaseHome" time="0.002"/>
  <system-out/>
  <testcase classname="Loans.HomeLoan" name="RentHome" time="0.003"/>
  <system-out/>
</testsuite> <!-- Loans.HomeLoan -->
