<?xml version="1.0" encoding="UTF-8"?>
<!-- Generated by org.testng.reporters.JUnitReportReporter -->
<testsuite hostname="Hanuman" failures="0" tests="1" name="openBankAccount.SalariedAccount" time="0.011" errors="0" timestamp="2023-03-30T17:07:28 IST" skipped="0">
  <testcase classname="openBankAccount.SalariedAccount" name="Salaried" time="0.011"/>
  <system-out/>
</testsuite> <!-- openBankAccount.SalariedAccount -->
